\BOOKMARK [1][-]{section.1}{\376\377\000H\000e\000l\000l\000\363\000,\000\040\000v\000i\000l\000\341\000g\000!}{}% 1
\BOOKMARK [2][-]{subsection.1.1}{\376\377\000\315\000r\000\341\000s\000\040\000k\000o\000n\000z\000o\000l\000r\000a}{section.1}% 2
\BOOKMARK [2][-]{subsection.1.2}{\376\377\000K\000o\000m\000m\000e\000n\000t\000e\000k}{section.1}% 3
\BOOKMARK [1][-]{section.2}{\376\377\000P\000r\000i\000m\000i\000t\000\355\000v\000\040\000a\000d\000a\000t\000t\000\355\000p\000u\000s\000o\000k}{}% 4
\BOOKMARK [2][-]{subsection.2.1}{\376\377\000S\000z\000\366\000v\000e\000g\000\040\000\050\000s\000t\000r\000\051}{section.2}% 5
\BOOKMARK [3][-]{subsubsection.2.1.1}{\376\377\000K\000a\000r\000a\000k\000t\000e\000r}{subsection.2.1}% 6
\BOOKMARK [3][-]{subsubsection.2.1.2}{\376\377\000S\000t\000r\000i\000n\000g\000-\000e\000k\000\040\000\366\000s\000s\000z\000e\000f\001\161\000z\000\351\000s\000e}{subsection.2.1}% 7
\BOOKMARK [3][-]{subsubsection.2.1.3}{\376\377\000U\000g\000y\000a\000n\000a\000z\000o\000n\000\040\000\351\000r\000t\000\351\000k\000\040\000m\000e\000g\000a\000d\000\341\000s\000a\000\040\000t\000\366\000b\000b\000\040\000v\000\341\000l\000t\000o\000z\000\363\000n\000a\000k\000\040\000e\000g\000y\000s\000z\000e\000r\000r\000e}{subsection.2.1}% 8
\BOOKMARK [3][-]{subsubsection.2.1.4}{\376\377\000T\000\366\000b\000b\000s\000o\000r\000o\000s\000\040\000s\000t\000r\000i\000n\000g}{subsection.2.1}% 9
\BOOKMARK [3][-]{subsubsection.2.1.5}{\376\377\000A\000l\000a\000p\000v\000e\000t\001\121\000\040\000s\000t\000r\000i\000n\000g\000\040\000m\001\161\000v\000e\000l\000e\000t\000e\000k}{subsection.2.1}% 10
\BOOKMARK [3][-]{subsubsection.2.1.6}{\376\377\000B\000e\000m\000e\000n\000e\000t}{subsection.2.1}% 11
\BOOKMARK [2][-]{subsection.2.2}{\376\377\000S\000z\000\341\000m\000\040\000\050\000N\000u\000m\000b\000e\000r\000\051}{section.2}% 12
\BOOKMARK [3][-]{subsubsection.2.2.1}{\376\377\000E\000g\000\351\000s\000z\000\040\000s\000z\000\341\000m\000\040\000\050\000i\000n\000t\000\051}{subsection.2.2}% 13
\BOOKMARK [3][-]{subsubsection.2.2.2}{\376\377\000L\000e\000b\000e\000g\001\121\000p\000o\000n\000t\000o\000s\000\040\000s\000z\000\341\000m\000\040\000\050\000f\000l\000o\000a\000t\000\051}{subsection.2.2}% 14
\BOOKMARK [3][-]{subsubsection.2.2.3}{\376\377\000K\000o\000m\000p\000l\000e\000x\000\040\000s\000z\000\341\000m\000\040\000\050\000c\000o\000m\000p\000l\000e\000x\000\051}{subsection.2.2}% 15
\BOOKMARK [3][-]{subsubsection.2.2.4}{\376\377\000A\000r\000i\000t\000m\000e\000t\000i\000k\000a\000i\000\040\000m\001\161\000v\000e\000l\000e\000t\000e\000k}{subsection.2.2}% 16
\BOOKMARK [3][-]{subsubsection.2.2.5}{\376\377\000\311\000r\000t\000\351\000k\000a\000d\000\363\000\040\000o\000p\000e\000r\000\341\000t\000o\000r\000o\000k}{subsection.2.2}% 17
\BOOKMARK [2][-]{subsection.2.3}{\376\377\000L\000o\000g\000i\000k\000a\000i\000\040\000\050\000B\000o\000o\000l\000e\000a\000n\000\051}{section.2}% 18
\BOOKMARK [3][-]{subsubsection.2.3.1}{\376\377\000I\000g\000a\000z\000s\000\341\000g\000t\000\341\000b\000l\000a}{subsection.2.3}% 19
\BOOKMARK [3][-]{subsubsection.2.3.2}{\376\377\000\326\000s\000s\000z\000e\000h\000a\000s\000o\000n\000l\000\355\000t\000\341\000s\000\040\000\050\000\351\000r\000t\000\351\000k\000\040\000a\000l\000a\000p\000j\000\341\000n\000\051}{subsection.2.3}% 20
\BOOKMARK [3][-]{subsubsection.2.3.3}{\376\377\000L\000o\000g\000i\000k\000a\000i\000\040\000m\001\161\000v\000e\000l\000e\000t\000e\000k}{subsection.2.3}% 21
\BOOKMARK [3][-]{subsubsection.2.3.4}{\376\377\000O\000b\000j\000e\000k\000t\000u\000m\000o\000k\000\040\000\366\000s\000s\000z\000e\000h\000a\000s\000o\000n\000l\000\355\000t\000\341\000s\000a}{subsection.2.3}% 22
\BOOKMARK [3][-]{subsubsection.2.3.5}{\376\377\000T\000a\000r\000t\000a\000l\000m\000a\000z\000\341\000s\000\040\000v\000i\000z\000s\000g\000\341\000l\000a\000t\000a}{subsection.2.3}% 23
\BOOKMARK [2][-]{subsection.2.4}{\376\377\000H\000o\000g\000y\000a\000n\000\040\000t\000\341\000r\000o\000l\000\363\000d\000n\000a\000k\000\040\000a\000\040\000m\000e\000m\000\363\000r\000i\000\341\000b\000a\000n\000\040\000a\000\040\000v\000\341\000l\000t\000o\000z\000\363\000k\000?}{section.2}% 24
\BOOKMARK [1][-]{section.3}{\376\377\000I\000n\000d\000e\000x\000e\000l\000\351\000s}{}% 25
\BOOKMARK [2][-]{subsection.3.1}{\376\377\000P\000o\000z\000i\000t\000\355\000v\000\040\000i\000n\000d\000e\000x\000e\000l\000\351\000s}{section.3}% 26
\BOOKMARK [2][-]{subsection.3.2}{\376\377\000N\000e\000g\000a\000t\000\355\000v\000\040\000i\000n\000d\000e\000x\000e\000l\000\351\000s}{section.3}% 27
\BOOKMARK [2][-]{subsection.3.3}{\376\377\000S\000z\000e\000l\000e\000t\000e\000l\000\351\000s}{section.3}% 28
\BOOKMARK [1][-]{section.4}{\376\377\000F\000e\000l\000t\000\351\000t\000e\000l\000e\000k}{}% 29
\BOOKMARK [2][-]{subsection.4.1}{\376\377\000E\000g\000y\000\341\000g\000\372\000\040\000e\000l\000\341\000g\000a\000z\000\341\000s}{section.4}% 30
\BOOKMARK [2][-]{subsection.4.2}{\376\377\000T\000\366\000b\000b\000\341\000g\000\372\000\040\000e\000l\000\341\000g\000a\000z\000\341\000s}{section.4}% 31
\BOOKMARK [2][-]{subsection.4.3}{\376\377\000B\000e\000\341\000g\000y\000a\000z\000o\000t\000t\000\040\000f\000e\000l\000t\000\351\000t\000e\000l\000e\000k}{section.4}% 32
\BOOKMARK [2][-]{subsection.4.4}{\376\377\000S\000h\000o\000r\000t\000-\000h\000a\000n\000d\000\040\000f\000e\000l\000t\000\351\000t\000e\000l\000e\000k}{section.4}% 33
\BOOKMARK [2][-]{subsection.4.5}{\376\377\000M\000a\000t\000c\000h\000\040\000\050\000s\000w\000i\000t\000c\000h\000-\000c\000a\000s\000e\000\051}{section.4}% 34
\BOOKMARK [1][-]{section.5}{\376\377\000F\000\374\000g\000g\000v\000\351\000n\000y\000e\000k}{}% 35
\BOOKMARK [2][-]{subsection.5.1}{\376\377\000W\000E\000T\000\040\000\050\000W\000r\000i\000t\000e\000\040\000E\000v\000e\000r\000y\000t\000h\000i\000n\000g\000\040\000T\000w\000i\000c\000e\000\051\000\040\000v\000s\000.\000\040\000D\000R\000Y\000\040\000\050\000D\000o\000n\000'\000t\000\040\000R\000e\000p\000e\000a\000t\000\040\000Y\000o\000u\000r\000s\000e\000l\000f\000\051}{section.5}% 36
\BOOKMARK [2][-]{subsection.5.2}{\376\377\000F\000\374\000g\000g\000v\000\351\000n\000y\000\040\000l\000\351\000t\000r\000e\000h\000o\000z\000\341\000s\000a}{section.5}% 37
\BOOKMARK [2][-]{subsection.5.3}{\376\377\000F\000\374\000g\000g\000v\000\351\000n\000y\000\040\000m\000e\000g\000h\000\355\000v\000\341\000s\000a}{section.5}% 38
\BOOKMARK [2][-]{subsection.5.4}{\376\377\000P\000a\000r\000a\000m\000\351\000t\000e\000r\000e\000k}{section.5}% 39
\BOOKMARK [2][-]{subsection.5.5}{\376\377\000P\000a\000r\000a\000m\000\351\000t\000e\000r\000e\000k\000\040\000a\000l\000a\000p\000\351\000r\000t\000e\000l\000m\000e\000z\000e\000t\000t\000\040\000\351\000r\000t\000\351\000k\000k\000e\000l}{section.5}% 40
\BOOKMARK [2][-]{subsection.5.6}{\376\377\000V\000i\000s\000s\000z\000a\000t\000\351\000r\000\351\000s\000i\000\040\000\351\000r\000t\000\351\000k}{section.5}% 41
\BOOKMARK [2][-]{subsection.5.7}{\376\377\000V\000i\000s\000s\000z\000a\000t\000\351\000r\000\351\000s\000i\000\040\000\351\000r\000t\000\351\000k\000\040\000n\000\351\000l\000k\000\374\000l}{section.5}% 42
